<?xml version="1.0" encoding="UTF-8"?>
<!-- Generated by org.testng.reporters.JUnitXMLReporter -->
<testsuite ignored="0" hostname="Vamsi" failures="0" tests="4" name="testing" time="0.262" errors="0" timestamp="2021-04-03T22:17:25 CDT">
  <testcase classname="testNG.TestNGGroup1" name="funA" time="0.032"/>
  <testcase classname="testNG.TestNGGroup1" name="funB" time="0.008"/>
  <testcase classname="testNG.TestNGGroup1" name="funC" time="0.008"/>
  <testcase classname="testNG.TestNGGroup1" name="funD" time="0.014"/>
</testsuite> <!-- testing -->
