<?xml version="1.0" encoding="UTF-8"?>
<testng-results ignored="0" total="1" passed="1" failed="0" skipped="0">
  <reporter-output>
  </reporter-output>
  <suite started-at="2021-06-30T05:27:07 CDT" name="Default suite" finished-at="2021-06-30T05:28:05 CDT" duration-ms="57688">
    <groups>
    </groups>
    <test started-at="2021-06-30T05:27:07 CDT" name="Default test" finished-at="2021-06-30T05:28:05 CDT" duration-ms="57688">
      <class name="seleniumPhase2.MouseOverDemo1">
        <test-method signature="MouseOverDemo1()[pri:0, instance:seleniumPhase2.MouseOverDemo1@7748410a]" started-at="2021-06-30T05:27:07 CDT" name="MouseOverDemo1" finished-at="2021-06-30T05:28:05 CDT" duration-ms="57551" status="PASS">
          <reporter-output>
          </reporter-output>
        </test-method> <!-- MouseOverDemo1 -->
      </class> <!-- seleniumPhase2.MouseOverDemo1 -->
    </test> <!-- Default test -->
  </suite> <!-- Default suite -->
</testng-results>
