<?xml version="1.0" encoding="UTF-8"?>
<!-- Generated by org.testng.reporters.JUnitXMLReporter -->
<testsuite ignored="1" hostname="Vamsi" failures="2" tests="16" name="Regression suite 1" time="0.501" errors="0" timestamp="2021-04-03T22:33:37 CDT">
  <testcase classname="testNG.NewTest1" name="fun" time="0.018"/>
  <testcase classname="testNG.NewTest2" name="f" time="0.006"/>
  <testcase classname="testNG.TestNGDemo1" name="funA" time="0.019"/>
  <testcase classname="testNG.TestNGDemo3" name="funA" time="0.012"/>
  <testcase classname="testNG.TestNGDemo3" name="funD" time="0.016"/>
  <testcase classname="testNG.TestNGDemo3" name="funC" time="0.011"/>
  <testcase classname="testNG.TestNGDemo3" name="funB" time="0.006"/>
  <testcase classname="testNG.TestNGDemo4" name="loginTest" time="0.004">
    <failure type="java.lang.ArithmeticException" message="/ by zero">
      <![CDATA[java.lang.ArithmeticException: / by zero
at testNG.TestNGDemo4.loginTest(TestNGDemo4.java:9)
at java.base/java.util.ArrayList.forEach(ArrayList.java:1511)
... Removed 27 stack frames]]>
    </failure>
  </testcase> <!-- loginTest -->
  <testcase classname="testNG.TestNGDemo4" name="customerDetails" time="0.001">
    <skipped/>
  </testcase> <!-- customerDetails -->
  <testcase classname="testNG.TestNGDemo5" name="funA" time="0.007"/>
  <testcase classname="testNG.TestNGDemo5" name="funB" time="0.004">
    <failure type="java.lang.Exception" message="funB failed">
      <![CDATA[java.lang.Exception: funB failed
at testNG.TestNGDemo5.funB(TestNGDemo5.java:15)
at java.base/java.util.ArrayList.forEach(ArrayList.java:1511)
... Removed 27 stack frames]]>
    </failure>
  </testcase> <!-- funB -->
  <testcase classname="testNG.TestNGDemo5" name="funC" time="0.02">
    <skipped/>
  </testcase> <!-- funC -->
  <testcase classname="testNG.TestNGGroup1" name="funA" time="0.006"/>
  <testcase classname="testNG.TestNGGroup1" name="funB" time="0.004"/>
  <testcase classname="testNG.TestNGGroup1" name="funC" time="0.002"/>
  <testcase classname="testNG.TestNGGroup1" name="funD" time="0.002"/>
  <testcase classname="testNG.TestNGDemo5" name="funD" time="0.0">
    <ignored/>
  </testcase> <!-- funD -->
</testsuite> <!-- Regression suite 1 -->
